app/build/outputs/logs/manifest-merger-debug-report.txt
-- Merging decision tree log ---
manifest
ADDED from src/main/AndroidManifest.xml:2:1-149:12
INJECTED from src/main/AndroidManifest.xml:2:1-149:12
INJECTED from src/main/AndroidManifest.xml:2:1-149:12
INJECTED from src/main/AndroidManifest.xml:2:1-149:12
MERGED from [com.github.florent37:materialtextfield:1.0.7] AndroidManifest.xml:2:1-12:12
MERGED from [com.github.matecode:Snacky:1.1.4] AndroidManifest.xml:2:1-16:12
MERGED from [com.keiferstone:nonet:2.0.4] AndroidManifest.xml:2:1-21:12
MERGED from [com.dynamitechetan.flowinggradient:flowinggradient:1.1] AndroidManifest.xml:2:1-16:12
MERGED from [com.github.javiersantos:BottomDialogs:1.2.1] AndroidManifest.xml:2:1-11:12
MERGED from [com.tomergoldst.android:tooltips:1.0.10] AndroidManifest.xml:2:1-13:12
MERGED from [com.github.yatindeokar:MyLoadingButton:v1.0.1] AndroidManifest.xml:2:1-11:12
MERGED from [com.github.manojbhadane:PaymentCardView:v1.3] AndroidManifest.xml:2:1-11:12
MERGED from [com.github.mahimrocky:TagView:1.0.3] AndroidManifest.xml:2:1-11:12
MERGED from [com.cuneytayyildiz:onboarder:1.0.4] AndroidManifest.xml:2:1-11:12
MERGED from [com.github.harrylefit:bottomnavigation:1.1.7] AndroidManifest.xml:2:1-11:12
MERGED from [com.github.jrvansuita:MaterialAbout:0.2.4] AndroidManifest.xml:2:1-11:12
MERGED from [com.github.SubhrajyotiSen:library:1.1.2] AndroidManifest.xml:2:1-17:12
MERGED from [com.github.TutorialsAndroid:MTextField:v4.0.19] AndroidManifest.xml:2:1-11:12
MERGED from [com.github.10bis:compactCreditInput:2.0.4] AndroidManifest.xml:2:1-11:12
MERGED from [com.github.iammert:StatusView:1.3] AndroidManifest.xml:2:1-17:12
MERGED from [com.brouding:android-simple-dialog:0.3.1] AndroidManifest.xml:2:1-13:12
MERGED from [com.github.chrisbanes:PhotoView:2.3.0] AndroidManifest.xml:2:1-11:12
MERGED from [com.github.rtugeek:materialbanner:1.0.2] AndroidManifest.xml:2:1-17:12
MERGED from [com.github.liangpengfei:LoadingPopPoint:912651e54d] AndroidManifest.xml:2:1-17:12
MERGED from [com.qintong:insLoadingAnimation:1.1.0] AndroidManifest.xml:2:1-17:12
MERGED from [com.github.transferwise:sequence-layout:1.0.11] AndroidManifest.xml:2:1-11:12
MERGED from [com.github.GrenderG:MarkdownView:0.1.2] AndroidManifest.xml:2:1-11:12
MERGED from [com.github.abdularis:AnalogTvNoiseView:0.1] AndroidManifest.xml:2:1-11:12
MERGED from [com.github.IsPra94:EasyGifView:1.0.1] AndroidManifest.xml:2:1-17:12
MERGED from [com.pierfrancescosoffritti.androidyoutubeplayer:core:10.0.5] AndroidManifest.xml:2:1-14:12
MERGED from [com.github.sharish:CreditCardView:v1.0.4] AndroidManifest.xml:2:1-17:12
MERGED from [com.github.nonzeroapps:whatisnewdialog:1.0.4] AndroidManifest.xml:2:1-11:12
MERGED from [com.github.devendroid:ReadMoreOption:1.0.2] AndroidManifest.xml:16:1-25:12
MERGED from [com.github.mirrajabi:search-dialog:1.2.4] AndroidManifest.xml:2:1-17:12
MERGED from [com.github.sangcomz:StickyTimeLine:v0.0.20] AndroidManifest.xml:2:1-11:12
MERGED from [com.vivekkaushik.datepicker:datePickerTimeline:0.0.3] AndroidManifest.xml:2:1-11:12
MERGED from [com.github.OMARIHAMZA:StoryView:1.0.2-alpha] AndroidManifest.xml:2:1-13:12
MERGED from [com.github.skydoves:indicatorscrollview:1.0.2] AndroidManifest.xml:2:1-11:12
MERGED from [com.github.arimorty:floatingsearchview:2.1.1] AndroidManifest.xml:2:1-14:12
MERGED from [com.github.droidbyme:DroidDialog:c6decc7167] AndroidManifest.xml:2:1-17:12
MERGED from [com.github.Pradyuman7:ChocoBar:V1.0] AndroidManifest.xml:2:1-16:12
MERGED from [com.google.firebase:firebase-inappmessaging-display:17.2.0] AndroidManifest.xml:2:1-22:12
MERGED from [com.github.jakebonk:NotifyMe:1.0.1] AndroidManifest.xml:2:1-28:12
MERGED from [com.wdullaer:materialdatetimepicker:3.6.0] AndroidManifest.xml:17:1-30:12
MERGED from [com.github.zawadz88.materialpopupmenu:material-popup-menu:4.0.1] AndroidManifest.xml:2:1-13:12
MERGED from [com.github.luksoral:ExpandedMenuView:1.0.3] AndroidManifest.xml:2:1-11:12
MERGED from [com.robertlevonyan.view:MaterialExpansionPanel:2.0.7] AndroidManifest.xml:2:1-19:12
MERGED from [com.github.ravindu1024:android-loadingdialog:1.0.3] AndroidManifest.xml:2:1-17:12
MERGED from [com.github.armcha:PlayTabLayout:2.0.0] AndroidManifest.xml:2:1-11:12
MERGED from [com.google.android.material:material:1.1.0-alpha03] AndroidManifest.xml:17:1-24:12
MERGED from [com.github.jrvansuita:IconHandler:v2.0.0] AndroidManifest.xml:2:1-17:12
MERGED from [com.xgc1986.android:parallaxpagertransformer:1.0.4] AndroidManifest.xml:2:1-11:12
MERGED from [com.google.dagger:dagger-android-support:2.13] AndroidManifest.xml:16:1-19:12
MERGED from [androidx.appcompat:appcompat:1.1.0] AndroidManifest.xml:17:1-24:12
MERGED from [androidx.constraintlayout:constraintlayout:1.1.3] AndroidManifest.xml:2:1-11:12
MERGED from [com.github.halysongoncalves:pugnotification:1.8.1] AndroidManifest.xml:2:1-14:12
MERGED from [com.bartoszlipinski:viewpropertyobjectanimator:1.2.0] AndroidManifest.xml:2:1-11:12
MERGED from [androidx.legacy:legacy-support-v13:1.0.0] AndroidManifest.xml:17:1-22:12
MERGED from [androidx.legacy:legacy-support-v4:1.0.0] AndroidManifest.xml:17:1-22:12
MERGED from [com.devs:acr:1.0.1] AndroidManifest.xml:2:1-21:12
MERGED from [com.jakewharton:butterknife:10.2.0] AndroidManifest.xml:2:1-7:12
MERGED from [androidx.cardview:cardview:1.0.0] AndroidManifest.xml:17:1-22:12
MERGED from [com.github.medyo:android-about-page:1.2.5] AndroidManifest.xml:2:1-11:12
MERGED from [com.vipulasri:ticketview:1.0.7] AndroidManifest.xml:2:1-11:12
MERGED from [com.google.android:flexbox:1.0.0] AndroidManifest.xml:17:1-27:12
MERGED from [me.gujun.android.taggroup:library:1.4] AndroidManifest.xml:2:1-10:12
MERGED from [com.github.rubensousa:bottomsheetbuilder:1.6.1] AndroidManifest.xml:2:1-11:12
MERGED from [com.liangfeizc:avatarview:0.0.1] AndroidManifest.xml:2:1-16:12
MERGED from [org.osmdroid:osmdroid-android:6.1.2] AndroidManifest.xml:2:1-29:12
MERGED from [in.shadowfax:proswipebutton:1.2.2] AndroidManifest.xml:2:1-17:12
MERGED from [com.github.MehdiKh93:Shortcut:1.0.2] AndroidManifest.xml:2:1-11:12
MERGED from [jp.wasabeef:glide-transformations:4.0.0] AndroidManifest.xml:2:1-9:12
MERGED from [com.github.bumptech.glide:glide:4.11.0] AndroidManifest.xml:2:1-12:12
MERGED from [uk.co.samuelwall:material-tap-target-prompt:3.0.0] AndroidManifest.xml:17:1-26:12
MERGED from [com.google.firebase:firebase-inappmessaging:17.2.0] AndroidManifest.xml:2:1-23:12
MERGED from [com.github.nihad92:SwipeableCards:1.0.19] AndroidManifest.xml:2:1-11:12
MERGED from [com.journeyapps:zxing-android-embedded:3.2.0] AndroidManifest.xml:17:1-55:12
MERGED from [com.asksira.android:loopingviewpager:1.1.2] AndroidManifest.xml:2:1-11:12
MERGED from [com.google.firebase:firebase-messaging:20.1.0] AndroidManifest.xml:17:1-44:12
MERGED from [com.google.firebase:firebase-core:17.2.1] AndroidManifest.xml:2:1-9:12
MERGED from [com.google.firebase:firebase-analytics:17.2.1] AndroidManifest.xml:2:1-9:12
MERGED from [com.google.android.gms:play-services-measurement-api:17.2.1] AndroidManifest.xml:17:1-36:12
MERGED from [com.google.firebase:firebase-iid:20.0.2] AndroidManifest.xml:17:1-47:12
MERGED from [androidx.work:work-runtime:2.2.0] AndroidManifest.xml:17:1-125:12
MERGED from [io.reactivex.rxjava3:rxandroid:3.0.0] AndroidManifest.xml:15:1-20:12
MERGED from [androidx.lifecycle:lifecycle-extensions:2.0.0] AndroidManifest.xml:17:1-25:12
MERGED from [com.google.firebase:firebase-datatransport:17.0.3] AndroidManifest.xml:15:1-34:12
MERGED from [com.google.firebase:firebase-common:19.3.0] AndroidManifest.xml:15:1-39:12
MERGED from [com.google.firebase:firebase-iid-interop:17.0.0] AndroidManifest.xml:2:1-10:12
MERGED from [com.google.android.gms:play-services-base:17.0.0] AndroidManifest.xml:17:1-29:12
MERGED from [com.google.android.gms:play-services-tasks:17.0.0] AndroidManifest.xml:2:1-9:12
MERGED from [com.google.firebase:firebase-measurement-connector:18.0.0] AndroidManifest.xml:17:1-25:12
MERGED from [com.google.android.gms:play-services-measurement:17.2.1] AndroidManifest.xml:17:1-55:12
MERGED from [com.google.android.gms:play-services-measurement-sdk:17.2.1] AndroidManifest.xml:17:1-25:12
MERGED from [com.google.android.gms:play-services-measurement-impl:17.2.1] AndroidManifest.xml:17:1-40:12
MERGED from [com.google.android.gms:play-services-stats:17.0.0] AndroidManifest.xml:2:1-9:12
MERGED from [com.google.android.gms:play-services-measurement-sdk-api:17.2.1] AndroidManifest.xml:17:1-27:12
MERGED from [com.google.android.gms:play-services-measurement-base:17.2.1] AndroidManifest.xml:2:1-9:12
MERGED from [com.google.android.gms:play-services-ads-identifier:17.0.0] AndroidManifest.xml:17:1-24:12
MERGED from [com.google.android.gms:play-services-basement:17.0.0] AndroidManifest.xml:17:1-28:12
MERGED from [androidx.fragment:fragment:1.1.0] AndroidManifest.xml:17:1-24:12
MERGED from [androidx.appcompat:appcompat-resources:1.1.0] AndroidManifest.xml:17:1-24:12
MERGED from [androidx.browser:browser:1.0.0] AndroidManifest.xml:17:1-22:12
MERGED from [androidx.legacy:legacy-support-core-ui:1.0.0] AndroidManifest.xml:17:1-22:12
MERGED from [androidx.drawerlayout:drawerlayout:1.0.0] AndroidManifest.xml:17:1-22:12
MERGED from [androidx.palette:palette:1.0.0] AndroidManifest.xml:17:1-22:12
MERGED from [androidx.legacy:legacy-support-core-utils:1.0.0] AndroidManifest.xml:17:1-22:12
MERGED from [androidx.media:media:1.0.0] AndroidManifest.xml:17:1-22:12
MERGED from [com.jakewharton:butterknife-runtime:10.2.0] AndroidManifest.xml:2:1-7:12
MERGED from [com.andkulikov:transitionseverywhere:1.7.7] AndroidManifest.xml:2:1-14:12
MERGED from [androidx.recyclerview:recyclerview:1.1.0-alpha03] AndroidManifest.xml:17:1-22:12
MERGED from [androidx.room:room-runtime:2.1.0] AndroidManifest.xml:17:1-30:12
MERGED from [androidx.core:core-ktx:1.0.2] AndroidManifest.xml:2:1-7:12
MERGED from [androidx.viewpager:viewpager:1.0.0] AndroidManifest.xml:17:1-22:12
MERGED from [androidx.loader:loader:1.0.0] AndroidManifest.xml:17:1-22:12
MERGED from [androidx.activity:activity:1.0.0] AndroidManifest.xml:17:1-24:12
MERGED from [androidx.vectordrawable:vectordrawable-animated:1.1.0] AndroidManifest.xml:17:1-24:12
MERGED from [androidx.vectordrawable:vectordrawable:1.1.0] AndroidManifest.xml:17:1-24:12
MERGED from [androidx.slidingpanelayout:slidingpanelayout:1.0.0] AndroidManifest.xml:17:1-22:12
MERGED from [androidx.coordinatorlayout:coordinatorlayout:1.1.0-alpha01] AndroidManifest.xml:17:1-22:12
MERGED from [androidx.customview:customview:1.0.0] AndroidManifest.xml:17:1-22:12
MERGED from [androidx.swiperefreshlayout:swiperefreshlayout:1.0.0] AndroidManifest.xml:17:1-22:12
MERGED from [androidx.asynclayoutinflater:asynclayoutinflater:1.0.0] AndroidManifest.xml:17:1-22:12
MERGED from [androidx.transition:transition:1.0.1] AndroidManifest.xml:17:1-22:12
MERGED from [androidx.core:core:1.1.0] AndroidManifest.xml:17:1-26:12
MERGED from [androidx.cursoradapter:cursoradapter:1.0.0] AndroidManifest.xml:17:1-22:12
MERGED from [com.github.traex.rippleeffect:library:1.3] AndroidManifest.xml:2:1-14:12
MERGED from [androidx.databinding:databinding-adapters:3.5.0] AndroidManifest.xml:17:1-24:12
MERGED from [androidx.databinding:databinding-runtime:3.5.0] AndroidManifest.xml:17:1-24:12
MERGED from [androidx.lifecycle:lifecycle-service:2.0.0] AndroidManifest.xml:17:1-22:12
MERGED from [androidx.lifecycle:lifecycle-process:2.0.0] AndroidManifest.xml:17:1-30:12
MERGED from [androidx.lifecycle:lifecycle-runtime:2.1.0] AndroidManifest.xml:17:1-22:12
MERGED from [com.github.bumptech.glide:gifdecoder:4.11.0] AndroidManifest.xml:2:1-11:12
MERGED from [androidx.exifinterface:exifinterface:1.0.0] AndroidManifest.xml:17:1-22:12
MERGED from [com.google.android.datatransport:transport-backend-cct:2.2.0] AndroidManifest.xml:15:1-38:12
MERGED from [com.google.android.datatransport:transport-runtime:2.2.0] AndroidManifest.xml:15:1-41:12
MERGED from [com.google.firebase:firebase-components:16.0.0] AndroidManifest.xml:15:1-23:12
MERGED from [com.google.firebase:firebase-encoders-json:16.0.0] AndroidManifest.xml:15:1-23:12
MERGED from [androidx.versionedparcelable:versionedparcelable:1.1.0] AndroidManifest.xml:17:1-27:12
MERGED from [androidx.interpolator:interpolator:1.0.0] AndroidManifest.xml:17:1-22:12
MERGED from [androidx.documentfile:documentfile:1.0.0] AndroidManifest.xml:17:1-22:12
MERGED from [androidx.localbroadcastmanager:localbroadcastmanager:1.0.0] AndroidManifest.xml:17:1-22:12
MERGED from [androidx.print:print:1.0.0] AndroidManifest.xml:17:1-22:12
MERGED from [androidx.lifecycle:lifecycle-livedata:2.0.0] AndroidManifest.xml:17:1-22:12
MERGED from [androidx.lifecycle:lifecycle-livedata-core:2.0.0] AndroidManifest.xml:17:1-22:12
MERGED from [androidx.savedstate:savedstate:1.0.0] AndroidManifest.xml:17:1-24:12
MERGED from [androidx.arch.core:core-runtime:2.0.1] AndroidManifest.xml:17:1-22:12
MERGED from [com.google.dagger:dagger-android:2.13] AndroidManifest.xml:16:1-19:12
MERGED from [androidx.sqlite:sqlite-framework:2.0.1] AndroidManifest.xml:17:1-22:12
MERGED from [androidx.sqlite:sqlite:2.0.1] AndroidManifest.xml:17:1-22:12
MERGED from [androidx.lifecycle:lifecycle-viewmodel:2.1.0] AndroidManifest.xml:17:1-22:12
MERGED from [com.pnikosis:materialish-progress:1.7] AndroidManifest.xml:2:1-13:12
MERGED from [com.github.ozodrukh:CircularReveal:1.0.5] AndroidManifest.xml:2:1-12:12
MERGED from [com.google.android.datatransport:transport-api:2.2.0] AndroidManifest.xml:15:1-22:12
MERGED from [io.reactivex.rxjava2:rxandroid:2.0.2] AndroidManifest.xml:15:1-21:12
MERGED from [com.google.firebase:protolite-well-known-types:16.0.1] AndroidManifest.xml:2:1-11:12
INJECTED from src/main/AndroidManifest.xml:2:1-149:12
INJECTED from src/main/AndroidManifest.xml:2:1-149:12
INJECTED from src/main/AndroidManifest.xml:2:1-149:12
	package
		ADDED from src/main/AndroidManifest.xml:3:5-32
		INJECTED from src/main/AndroidManifest.xml
		INJECTED from src/main/AndroidManifest.xml
	android:versionName
		INJECTED from src/main/AndroidManifest.xml
		ADDED from src/main/AndroidManifest.xml:2:1-149:12
		INJECTED from src/main/AndroidManifest.xml
	android:versionCode
		INJECTED from src/main/AndroidManifest.xml
		ADDED from src/main/AndroidManifest.xml:2:1-149:12
		INJECTED from src/main/AndroidManifest.xml
	xmlns:android
		ADDED from src/main/AndroidManifest.xml:2:11-69
uses-permission#android.permission.ACCESS_FINE_LOCATION
ADDED from src/main/AndroidManifest.xml:5:5-79
	android:name
		ADDED from src/main/AndroidManifest.xml:5:22-76
uses-permission#android.permission.CALL_PHONE
ADDED from src/main/AndroidManifest.xml:6:5-69
	android:name
		ADDED from src/main/AndroidManifest.xml:6:22-66
uses-permission#android.permission.INTERNET
ADDED from src/main/AndroidManifest.xml:7:5-67
MERGED from [com.keiferstone:nonet:2.0.4] AndroidManifest.xml:11:5-67
MERGED from [com.keiferstone:nonet:2.0.4] AndroidManifest.xml:11:5-67
MERGED from [com.pierfrancescosoffritti.androidyoutubeplayer:core:10.0.5] AndroidManifest.xml:11:5-67
MERGED from [com.pierfrancescosoffritti.androidyoutubeplayer:core:10.0.5] AndroidManifest.xml:11:5-67
MERGED from [com.github.OMARIHAMZA:StoryView:1.0.2-alpha] AndroidManifest.xml:11:5-67
MERGED from [com.github.OMARIHAMZA:StoryView:1.0.2-alpha] AndroidManifest.xml:11:5-67
MERGED from [com.google.firebase:firebase-inappmessaging-display:17.2.0] AndroidManifest.xml:12:5-67
MERGED from [com.google.firebase:firebase-inappmessaging-display:17.2.0] AndroidManifest.xml:12:5-67
MERGED from [com.github.halysongoncalves:pugnotification:1.8.1] AndroidManifest.xml:11:5-67
MERGED from [com.github.halysongoncalves:pugnotification:1.8.1] AndroidManifest.xml:11:5-67
MERGED from [com.google.firebase:firebase-inappmessaging:17.2.0] AndroidManifest.xml:11:5-67
MERGED from [com.google.firebase:firebase-inappmessaging:17.2.0] AndroidManifest.xml:11:5-67
MERGED from [com.google.android.gms:play-services-measurement-api:17.2.1] AndroidManifest.xml:22:5-67
MERGED from [com.google.android.gms:play-services-measurement-api:17.2.1] AndroidManifest.xml:22:5-67
MERGED from [com.google.firebase:firebase-iid:20.0.2] AndroidManifest.xml:23:5-67
MERGED from [com.google.firebase:firebase-iid:20.0.2] AndroidManifest.xml:23:5-67
MERGED from [com.google.android.gms:play-services-measurement:17.2.1] AndroidManifest.xml:23:5-67
MERGED from [com.google.android.gms:play-services-measurement:17.2.1] AndroidManifest.xml:23:5-67
MERGED from [com.google.android.gms:play-services-measurement-impl:17.2.1] AndroidManifest.xml:23:5-67
MERGED from [com.google.android.gms:play-services-measurement-impl:17.2.1] AndroidManifest.xml:23:5-67
MERGED from [com.google.android.gms:play-services-measurement-sdk-api:17.2.1] AndroidManifest.xml:23:5-67
MERGED from [com.google.android.gms:play-services-measurement-sdk-api:17.2.1] AndroidManifest.xml:23:5-67
MERGED from [com.google.android.datatransport:transport-backend-cct:2.2.0] AndroidManifest.xml:26:5-67
MERGED from [com.google.android.datatransport:transport-backend-cct:2.2.0] AndroidManifest.xml:26:5-67
	android:name
		ADDED from src/main/AndroidManifest.xml:7:22-64
uses-permission#android.permission.ACCESS_NETWORK_STATE
ADDED from src/main/AndroidManifest.xml:8:5-79
MERGED from [com.keiferstone:nonet:2.0.4] AndroidManifest.xml:13:5-79
MERGED from [com.keiferstone:nonet:2.0.4] AndroidManifest.xml:13:5-79
MERGED from [com.pierfrancescosoffritti.androidyoutubeplayer:core:10.0.5] AndroidManifest.xml:12:5-79
MERGED from [com.pierfrancescosoffritti.androidyoutubeplayer:core:10.0.5] AndroidManifest.xml:12:5-79
MERGED from [com.google.firebase:firebase-inappmessaging-display:17.2.0] AndroidManifest.xml:11:5-79
MERGED from [com.google.firebase:firebase-inappmessaging-display:17.2.0] AndroidManifest.xml:11:5-79
MERGED from [com.google.firebase:firebase-inappmessaging:17.2.0] AndroidManifest.xml:10:5-79
MERGED from [com.google.firebase:firebase-inappmessaging:17.2.0] AndroidManifest.xml:10:5-79
MERGED from [com.google.android.gms:play-services-measurement-api:17.2.1] AndroidManifest.xml:23:5-79
MERGED from [com.google.android.gms:play-services-measurement-api:17.2.1] AndroidManifest.xml:23:5-79
MERGED from [com.google.firebase:firebase-iid:20.0.2] AndroidManifest.xml:22:5-79
MERGED from [com.google.firebase:firebase-iid:20.0.2] AndroidManifest.xml:22:5-79
MERGED from [androidx.work:work-runtime:2.2.0] AndroidManifest.xml:26:5-79
MERGED from [androidx.work:work-runtime:2.2.0] AndroidManifest.xml:26:5-79
MERGED from [com.google.android.gms:play-services-measurement:17.2.1] AndroidManifest.xml:24:5-79
MERGED from [com.google.android.gms:play-services-measurement:17.2.1] AndroidManifest.xml:24:5-79
MERGED from [com.google.android.gms:play-services-measurement-impl:17.2.1] AndroidManifest.xml:24:5-79
MERGED from [com.google.android.gms:play-services-measurement-impl:17.2.1] AndroidManifest.xml:24:5-79
MERGED from [com.google.android.gms:play-services-measurement-sdk-api:17.2.1] AndroidManifest.xml:24:5-79
MERGED from [com.google.android.gms:play-services-measurement-sdk-api:17.2.1] AndroidManifest.xml:24:5-79
MERGED from [com.google.android.datatransport:transport-backend-cct:2.2.0] AndroidManifest.xml:25:5-79
MERGED from [com.google.android.datatransport:transport-backend-cct:2.2.0] AndroidManifest.xml:25:5-79
MERGED from [com.google.android.datatransport:transport-runtime:2.2.0] AndroidManifest.xml:22:5-79
MERGED from [com.google.android.datatransport:transport-runtime:2.2.0] AndroidManifest.xml:22:5-79
	android:name
		ADDED from src/main/AndroidManifest.xml:8:22-76
uses-permission#android.permission.WRITE_EXTERNAL_STORAGE
ADDED from src/main/AndroidManifest.xml:9:5-81
	android:name
		ADDED from src/main/AndroidManifest.xml:9:22-78
uses-permission#android.permission.SYSTEM_ALERT_WINDOW
ADDED from src/main/AndroidManifest.xml:10:5-78
	android:name
		ADDED from src/main/AndroidManifest.xml:10:22-75
uses-permission#android.permission.GET_ACCOUNTS
ADDED from src/main/AndroidManifest.xml:11:5-71
	android:name
		ADDED from src/main/AndroidManifest.xml:11:22-68
uses-permission#android.permission.AUTHENTICATE_ACCOUNTS
ADDED from src/main/AndroidManifest.xml:12:5-79
	android:name
		ADDED from src/main/AndroidManifest.xml:12:22-77
uses-permission#android.permission.USE_CREDENTIALS
ADDED from src/main/AndroidManifest.xml:17:5-90
	android:name
		ADDED from src/main/AndroidManifest.xml:17:22-71
application
ADDED from src/main/AndroidManifest.xml:19:5-147:19
MERGED from [com.github.matecode:Snacky:1.1.4] AndroidManifest.xml:11:5-14:19
MERGED from [com.github.matecode:Snacky:1.1.4] AndroidManifest.xml:11:5-14:19
MERGED from [com.keiferstone:nonet:2.0.4] AndroidManifest.xml:15:5-19:19
MERGED from [com.keiferstone:nonet:2.0.4] AndroidManifest.xml:15:5-19:19
MERGED from [com.dynamitechetan.flowinggradient:flowinggradient:1.1] AndroidManifest.xml:11:5-14:19
MERGED from [com.dynamitechetan.flowinggradient:flowinggradient:1.1] AndroidManifest.xml:11:5-14:19
MERGED from [com.tomergoldst.android:tooltips:1.0.10] AndroidManifest.xml:11:5-20
MERGED from [com.tomergoldst.android:tooltips:1.0.10] AndroidManifest.xml:11:5-20
MERGED from [com.github.SubhrajyotiSen:library:1.1.2] AndroidManifest.xml:11:5-15:19
MERGED from [com.github.SubhrajyotiSen:library:1.1.2] AndroidManifest.xml:11:5-15:19
MERGED from [com.github.iammert:StatusView:1.3] AndroidManifest.xml:11:5-15:19
MERGED from [com.github.iammert:StatusView:1.3] AndroidManifest.xml:11:5-15:19
MERGED from [com.brouding:android-simple-dialog:0.3.1] AndroidManifest.xml:11:5-20
MERGED from [com.brouding:android-simple-dialog:0.3.1] AndroidManifest.xml:11:5-20
MERGED from [com.github.rtugeek:materialbanner:1.0.2] AndroidManifest.xml:11:5-15:19
MERGED from [com.github.rtugeek:materialbanner:1.0.2] AndroidManifest.xml:11:5-15:19
MERGED from [com.github.liangpengfei:LoadingPopPoint:912651e54d] AndroidManifest.xml:11:5-15:19
MERGED from [com.github.liangpengfei:LoadingPopPoint:912651e54d] AndroidManifest.xml:11:5-15:19
MERGED from [com.qintong:insLoadingAnimation:1.1.0] AndroidManifest.xml:11:5-15:19
MERGED from [com.qintong:insLoadingAnimation:1.1.0] AndroidManifest.xml:11:5-15:19
MERGED from [com.github.IsPra94:EasyGifView:1.0.1] AndroidManifest.xml:11:5-15:19
MERGED from [com.github.IsPra94:EasyGifView:1.0.1] AndroidManifest.xml:11:5-15:19
MERGED from [com.github.sharish:CreditCardView:v1.0.4] AndroidManifest.xml:11:5-15:19
MERGED from [com.github.sharish:CreditCardView:v1.0.4] AndroidManifest.xml:11:5-15:19
MERGED from [com.github.mirrajabi:search-dialog:1.2.4] AndroidManifest.xml:11:5-15:19
MERGED from [com.github.mirrajabi:search-dialog:1.2.4] AndroidManifest.xml:11:5-15:19
MERGED from [com.github.arimorty:floatingsearchview:2.1.1] AndroidManifest.xml:12:5-20
MERGED from [com.github.arimorty:floatingsearchview:2.1.1] AndroidManifest.xml:12:5-20
MERGED from [com.github.droidbyme:DroidDialog:c6decc7167] AndroidManifest.xml:11:5-15:19
MERGED from [com.github.droidbyme:DroidDialog:c6decc7167] AndroidManifest.xml:11:5-15:19
MERGED from [com.github.Pradyuman7:ChocoBar:V1.0] AndroidManifest.xml:11:5-14:19
MERGED from [com.github.Pradyuman7:ChocoBar:V1.0] AndroidManifest.xml:11:5-14:19
MERGED from [com.google.firebase:firebase-inappmessaging-display:17.2.0] AndroidManifest.xml:14:5-20:19
MERGED from [com.google.firebase:firebase-inappmessaging-display:17.2.0] AndroidManifest.xml:14:5-20:19
MERGED from [com.github.jakebonk:NotifyMe:1.0.1] AndroidManifest.xml:13:5-26:19
MERGED from [com.github.jakebonk:NotifyMe:1.0.1] AndroidManifest.xml:13:5-26:19
MERGED from [com.wdullaer:materialdatetimepicker:3.6.0] AndroidManifest.xml:28:5-20
MERGED from [com.wdullaer:materialdatetimepicker:3.6.0] AndroidManifest.xml:28:5-20
MERGED from [com.github.zawadz88.materialpopupmenu:material-popup-menu:4.0.1] AndroidManifest.xml:11:5-20
MERGED from [com.github.zawadz88.materialpopupmenu:material-popup-menu:4.0.1] AndroidManifest.xml:11:5-20
MERGED from [com.robertlevonyan.view:MaterialExpansionPanel:2.0.7] AndroidManifest.xml:11:5-17:43
MERGED from [com.robertlevonyan.view:MaterialExpansionPanel:2.0.7] AndroidManifest.xml:11:5-17:43
MERGED from [com.github.ravindu1024:android-loadingdialog:1.0.3] AndroidManifest.xml:11:5-15:19
MERGED from [com.github.ravindu1024:android-loadingdialog:1.0.3] AndroidManifest.xml:11:5-15:19
MERGED from [com.google.android.material:material:1.1.0-alpha03] AndroidManifest.xml:22:5-20
MERGED from [com.google.android.material:material:1.1.0-alpha03] AndroidManifest.xml:22:5-20
MERGED from [com.github.jrvansuita:IconHandler:v2.0.0] AndroidManifest.xml:11:5-15:19
MERGED from [com.github.jrvansuita:IconHandler:v2.0.0] AndroidManifest.xml:11:5-15:19
MERGED from [androidx.constraintlayout:constraintlayout:1.1.3] AndroidManifest.xml:9:5-20
MERGED from [androidx.constraintlayout:constraintlayout:1.1.3] AndroidManifest.xml:9:5-20
MERGED from [com.devs:acr:1.0.1] AndroidManifest.xml:11:5-19:19
MERGED from [com.devs:acr:1.0.1] AndroidManifest.xml:11:5-19:19
MERGED from [com.liangfeizc:avatarview:0.0.1] AndroidManifest.xml:11:5-14:19
MERGED from [com.liangfeizc:avatarview:0.0.1] AndroidManifest.xml:11:5-14:19
MERGED from [in.shadowfax:proswipebutton:1.2.2] AndroidManifest.xml:11:5-15:19
MERGED from [in.shadowfax:proswipebutton:1.2.2] AndroidManifest.xml:11:5-15:19
MERGED from [com.github.bumptech.glide:glide:4.11.0] AndroidManifest.xml:10:5-20
MERGED from [com.github.bumptech.glide:glide:4.11.0] AndroidManifest.xml:10:5-20
MERGED from [com.google.firebase:firebase-inappmessaging:17.2.0] AndroidManifest.xml:13:5-21:19
MERGED from [com.google.firebase:firebase-inappmessaging:17.2.0] AndroidManifest.xml:13:5-21:19
MERGED from [com.journeyapps:zxing-android-embedded:3.2.0] AndroidManifest.xml:45:5-53:19
MERGED from [com.journeyapps:zxing-android-embedded:3.2.0] AndroidManifest.xml:45:5-53:19
MERGED from [com.google.firebase:firebase-messaging:20.1.0] AndroidManifest.xml:22:5-42:19
MERGED from [com.google.firebase:firebase-messaging:20.1.0] AndroidManifest.xml:22:5-42:19
MERGED from [com.google.firebase:firebase-core:17.2.1] AndroidManifest.xml:7:5-20
MERGED from [com.google.firebase:firebase-core:17.2.1] AndroidManifest.xml:7:5-20
MERGED from [com.google.firebase:firebase-analytics:17.2.1] AndroidManifest.xml:7:5-20
MERGED from [com.google.firebase:firebase-analytics:17.2.1] AndroidManifest.xml:7:5-20
MERGED from [com.google.android.gms:play-services-measurement-api:17.2.1] AndroidManifest.xml:26:5-34:19
MERGED from [com.google.android.gms:play-services-measurement-api:17.2.1] AndroidManifest.xml:26:5-34:19
MERGED from [com.google.firebase:firebase-iid:20.0.2] AndroidManifest.xml:28:5-45:19
MERGED from [com.google.firebase:firebase-iid:20.0.2] AndroidManifest.xml:28:5-45:19
MERGED from [androidx.work:work-runtime:2.2.0] AndroidManifest.xml:29:5-123:19
MERGED from [androidx.work:work-runtime:2.2.0] AndroidManifest.xml:29:5-123:19
MERGED from [androidx.lifecycle:lifecycle-extensions:2.0.0] AndroidManifest.xml:22:5-23:19
MERGED from [androidx.lifecycle:lifecycle-extensions:2.0.0] AndroidManifest.xml:22:5-23:19
MERGED from [com.google.firebase:firebase-datatransport:17.0.3] AndroidManifest.xml:24:5-32:19
MERGED from [com.google.firebase:firebase-datatransport:17.0.3] AndroidManifest.xml:24:5-32:19
MERGED from [com.google.firebase:firebase-common:19.3.0] AndroidManifest.xml:25:5-37:19
MERGED from [com.google.firebase:firebase-common:19.3.0] AndroidManifest.xml:25:5-37:19
MERGED from [com.google.firebase:firebase-iid-interop:17.0.0] AndroidManifest.xml:7:5-8:19
MERGED from [com.google.firebase:firebase-iid-interop:17.0.0] AndroidManifest.xml:7:5-8:19
MERGED from [com.google.android.gms:play-services-base:17.0.0] AndroidManifest.xml:22:5-27:19
MERGED from [com.google.android.gms:play-services-base:17.0.0] AndroidManifest.xml:22:5-27:19
MERGED from [com.google.android.gms:play-services-tasks:17.0.0] AndroidManifest.xml:7:5-20
MERGED from [com.google.android.gms:play-services-tasks:17.0.0] AndroidManifest.xml:7:5-20
MERGED from [com.google.firebase:firebase-measurement-connector:18.0.0] AndroidManifest.xml:22:5-23:19
MERGED from [com.google.firebase:firebase-measurement-connector:18.0.0] AndroidManifest.xml:22:5-23:19
MERGED from [com.google.android.gms:play-services-measurement:17.2.1] AndroidManifest.xml:28:5-53:19
MERGED from [com.google.android.gms:play-services-measurement:17.2.1] AndroidManifest.xml:28:5-53:19
MERGED from [com.google.android.gms:play-services-measurement-sdk:17.2.1] AndroidManifest.xml:22:5-23:19
MERGED from [com.google.android.gms:play-services-measurement-sdk:17.2.1] AndroidManifest.xml:22:5-23:19
MERGED from [com.google.android.gms:play-services-measurement-impl:17.2.1] AndroidManifest.xml:28:5-38:19
MERGED from [com.google.android.gms:play-services-measurement-impl:17.2.1] AndroidManifest.xml:28:5-38:19
MERGED from [com.google.android.gms:play-services-stats:17.0.0] AndroidManifest.xml:7:5-20
MERGED from [com.google.android.gms:play-services-stats:17.0.0] AndroidManifest.xml:7:5-20
MERGED from [com.google.android.gms:play-services-measurement-base:17.2.1] AndroidManifest.xml:7:5-20
MERGED from [com.google.android.gms:play-services-measurement-base:17.2.1] AndroidManifest.xml:7:5-20
MERGED from [com.google.android.gms:play-services-ads-identifier:17.0.0] AndroidManifest.xml:22:5-20
MERGED from [com.google.android.gms:play-services-ads-identifier:17.0.0] AndroidManifest.xml:22:5-20
MERGED from [com.google.android.gms:play-services-basement:17.0.0] AndroidManifest.xml:22:5-26:19
MERGED from [com.google.android.gms:play-services-basement:17.0.0] AndroidManifest.xml:22:5-26:19
MERGED from [com.andkulikov:transitionseverywhere:1.7.7] AndroidManifest.xml:12:5-20
MERGED from [com.andkulikov:transitionseverywhere:1.7.7] AndroidManifest.xml:12:5-20
MERGED from [androidx.room:room-runtime:2.1.0] AndroidManifest.xml:24:5-28:19
MERGED from [androidx.room:room-runtime:2.1.0] AndroidManifest.xml:24:5-28:19
MERGED from [androidx.core:core:1.1.0] AndroidManifest.xml:24:5-89